#
# There is insufficient memory for the Java Runtime Environment to continue.
# Native memory allocation (malloc) failed to allocate 1048576 bytes for AllocateHeap
# Possible reasons:
#   The system is out of physical RAM or swap space
#   In 32 bit mode, the process size limit was hit
# Possible solutions:
#   Reduce memory load on the system
#   Increase physical memory or swap space
#   Check if swap backing store is full
#   Use 64 bit Java on a 64 bit OS
#   Decrease Java heap size (-Xmx/-Xms)
#   Decrease number of Java threads
#   Decrease Java thread stack sizes (-Xss)
#   Set larger code cache with -XX:ReservedCodeCacheSize=
# This output file may be truncated or incomplete.
#
#  Out of Memory Error (memory/allocation.inline.hpp:61), pid=78436, tid=0x000000000000d730
#
# JRE version:  (8.0_191-b12) (build )
# Java VM: Java HotSpot(TM) 64-Bit Server VM (25.191-b12 mixed mode windows-amd64 compressed oops)
# Failed to write core dump. Minidumps are not enabled by default on client versions of Windows
#

---------------  T H R E A D  ---------------

Current thread (0x0000000002d11800):  JavaThread "Unknown thread" [_thread_in_vm, id=55088, stack(0x0000000002bf0000,0x0000000002cf0000)]

Stack: [0x0000000002bf0000,0x0000000002cf0000]
[error occurred during error reporting (printing stack bounds), id 0xc0000005]

Native frames: (J=compiled Java code, j=interpreted, Vv=VM code, C=native code)


---------------  P R O C E S S  ---------------

Java Threads: ( => current thread )

Other Threads:

=>0x0000000002d11800 (exited) JavaThread "Unknown thread" [_thread_in_vm, id=55088, stack(0x0000000002bf0000,0x0000000002cf0000)]

VM state:not at safepoint (normal execution)

VM Mutex/Monitor currently owned by a thread: None

Heap:
 PSYoungGen      total 75776K, used 1300K [0x000000076b800000, 0x0000000770c80000, 0x00000007c0000000)
  eden space 65024K, 2% used [0x000000076b800000,0x000000076b9451f8,0x000000076f780000)
  from space 10752K, 0% used [0x0000000770200000,0x0000000770200000,0x0000000770c80000)
  to   space 10752K, 0% used [0x000000076f780000,0x000000076f780000,0x0000000770200000)
 ParOldGen       total 173568K, used 0K [0x00000006c2800000, 0x00000006cd180000, 0x000000076b800000)
  object space 173568K, 0% used [0x00000006c2800000,0x00000006c2800000,0x00000006cd180000)
 Metaspace       used 751K, capacity 4480K, committed 4480K, reserved 1056768K
  class space    used 76K, capacity 384K, committed 384K, reserved 1048576K

Card table byte_map: [0x00000000121d0000,0x00000000129c0000] byte_map_base: 0x000000000ebbc000

Marking Bits: (ParMarkBitMap*) 0x00000000571a3e30
 Begin Bits: [0x0000000013710000, 0x0000000017670000)
 End Bits:   [0x0000000017670000, 0x000000001b5d0000)

Polling page: 0x0000000002b70000

CodeCache: size=245760Kb used=328Kb max_used=328Kb free=245431Kb
 bounds [0x0000000002e10000, 0x0000000003080000, 0x0000000011e10000]
 total_blobs=58 nmethods=0 adapters=38
 compilation: enabled

Compilation events (0 events):
No events

GC Heap History (0 events):
No events

Deoptimization events (0 events):
No events

Classes redefined (0 events):
No events

Internal exceptions (0 events):
No events

Events (10 events):
Event: 0.034 loading class java/lang/Short
Event: 0.034 loading class java/lang/Short done
Event: 0.034 loading class java/lang/Integer
Event: 0.035 loading class java/lang/Integer done
Event: 0.035 loading class java/lang/Long
Event: 0.035 loading class java/lang/Long done
Event: 0.035 loading class java/lang/NullPointerException
Event: 0.035 loading class java/lang/NullPointerException done
Event: 0.035 loading class java/lang/ArithmeticException
Event: 0.035 loading class java/lang/ArithmeticException done


Dynamic libraries:
0x00007ff7ef380000 - 0x00007ff7ef3b7000 	C:\Program Files\Java\jre1.8.0_191\bin\javaw.exe
0x00007ff9e4270000 - 0x00007ff9e4451000 	C:\Windows\SYSTEM32\ntdll.dll
0x00007ff9e3cf0000 - 0x00007ff9e3da1000 	C:\Windows\System32\KERNEL32.DLL
0x00007ff9e0b90000 - 0x00007ff9e0e03000 	C:\Windows\System32\KERNELBASE.dll
0x00007ff9e1800000 - 0x00007ff9e18a1000 	C:\Windows\System32\ADVAPI32.dll
0x00007ff9e1700000 - 0x00007ff9e179e000 	C:\Windows\System32\msvcrt.dll
0x00007ff9e1a10000 - 0x00007ff9e1a6b000 	C:\Windows\System32\sechost.dll
0x00007ff9e24e0000 - 0x00007ff9e2604000 	C:\Windows\System32\RPCRT4.dll
0x00007ff9e3e40000 - 0x00007ff9e3fd0000 	C:\Windows\System32\USER32.dll
0x00007ff9e09d0000 - 0x00007ff9e09f0000 	C:\Windows\System32\win32u.dll
0x00007ff9e19e0000 - 0x00007ff9e1a08000 	C:\Windows\System32\GDI32.dll
0x00007ff9e0640000 - 0x00007ff9e07d1000 	C:\Windows\System32\gdi32full.dll
0x00007ff9e0af0000 - 0x00007ff9e0b8f000 	C:\Windows\System32\msvcp_win.dll
0x00007ff9e09f0000 - 0x00007ff9e0ae8000 	C:\Windows\System32\ucrtbase.dll
0x00007ff9d3fb0000 - 0x00007ff9d4219000 	C:\Windows\WinSxS\amd64_microsoft.windows.common-controls_6595b64144ccf1df_6.0.17134.829_none_fb46a5473061b9d5\COMCTL32.dll
0x00007ff9e1cc0000 - 0x00007ff9e1fe2000 	C:\Windows\System32\combase.dll
0x00007ff9e0ec0000 - 0x00007ff9e0f3a000 	C:\Windows\System32\bcryptPrimitives.dll
0x00007ff9e18b0000 - 0x00007ff9e18dd000 	C:\Windows\System32\IMM32.DLL
0x00000000566e0000 - 0x00000000567b2000 	C:\Program Files\Java\jre1.8.0_191\bin\msvcr100.dll
0x0000000056980000 - 0x0000000057224000 	C:\Program Files\Java\jre1.8.0_191\bin\server\jvm.dll
0x00007ff9e2610000 - 0x00007ff9e2618000 	C:\Windows\System32\PSAPI.DLL
0x00007ff9d3950000 - 0x00007ff9d3959000 	C:\Windows\SYSTEM32\WSOCK32.dll
0x00007ff9d42a0000 - 0x00007ff9d42aa000 	C:\Windows\SYSTEM32\VERSION.dll
0x00007ff9e3c80000 - 0x00007ff9e3cec000 	C:\Windows\System32\WS2_32.dll
0x00007ff9d2bd0000 - 0x00007ff9d2bf3000 	C:\Windows\SYSTEM32\WINMM.dll
0x00007ff9d2990000 - 0x00007ff9d29ba000 	C:\Windows\SYSTEM32\winmmbase.dll
0x00007ff9e0e70000 - 0x00007ff9e0eb9000 	C:\Windows\System32\cfgmgr32.dll
0x0000000056890000 - 0x000000005689f000 	C:\Program Files\Java\jre1.8.0_191\bin\verify.dll
0x0000000056860000 - 0x0000000056889000 	C:\Program Files\Java\jre1.8.0_191\bin\java.dll
0x0000000056840000 - 0x0000000056856000 	C:\Program Files\Java\jre1.8.0_191\bin\zip.dll

VM Arguments:
jvm_args: -Dfile.encoding=Cp1252 
java_command: labnumber7.Validatorlabnumber7
java_class_path (initial): C:\Users\Shireesha\workspace\Lab Number 7\bin
Launcher Type: SUN_STANDARD

Environment Variables:
PATH=C:/Program Files/Java/jre1.8.0_191/bin/server;C:/Program Files/Java/jre1.8.0_191/bin;C:/Program Files/Java/jre1.8.0_191/lib/amd64;C:\Program Files (x86)\Common Files\Oracle\Java\javapath;C:\Program Files (x86)\Intel\Intel(R) Management Engine Components\iCLS\;C:\Program Files\Intel\Intel(R) Management Engine Components\iCLS\;C:\Windows\system32;C:\Windows;C:\Windows\System32\Wbem;C:\Windows\System32\WindowsPowerShell\v1.0\;C:\Windows\System32\OpenSSH\;C:\Program Files (x86)\Intel\Intel(R) Management Engine Components\DAL;C:\Program Files\Intel\Intel(R) Management Engine Components\DAL;C:\Program Files (x86)\Intel\Intel(R) Management Engine Components\IPT;C:\Program Files\Intel\Intel(R) Management Engine Components\IPT;C:\Users\Shireesha\AppData\Local\Microsoft\WindowsApps;C:\Users\Shireesha\AppData\Local\Programs\Git\cmd;C:\Users\Shireesha\Downloads\eclipse-jee-neon-3-win32-x86_64\eclipse;
USERNAME=Shireesha
OS=Windows_NT
PROCESSOR_IDENTIFIER=Intel64 Family 6 Model 142 Stepping 10, GenuineIntel



---------------  S Y S T E M  ---------------

OS: Windows 10.0 , 64 bit Build 17134 (10.0.17134.753)

CPU:total 8 (initial active 8) (4 cores per cpu, 2 threads per core) family 6 model 142 stepping 10, cmov, cx8, fxsr, mmx, sse, sse2, sse3, ssse3, sse4.1, sse4.2, popcnt, avx, avx2, aes, clmul, erms, 3dnowpref, lzcnt, ht, tsc, tscinvbit, bmi1, bmi2, adx

Memory: 4k page, physical 16607060k(8544148k free), swap 66938708k(5592k free)

vm_info: Java HotSpot(TM) 64-Bit Server VM (25.191-b12) for windows-amd64 JRE (1.8.0_191-b12), built on Oct  6 2018 09:29:03 by "java_re" with MS VC++ 10.0 (VS2010)

time: Mon Jul 01 23:31:06 2019
elapsed time: 0 seconds (0d 0h 0m 0s)

